<?xml version="1.0" encoding="UTF-8"?>
<!-- Generated by org.testng.reporters.JUnitReportReporter -->
<testsuite hostname="LP17093" name="tests.myaccount.SearchCustomerTests" tests="2" failures="0" timestamp="10 Oct 2017 18:54:38 GMT" time="87.095" errors="0">
  <testcase name="searchCustomersUsingDemandResponseCustomer" time="49.244" classname="tests.myaccount.SearchCustomerTests"/>
  <testcase name="searchCustomersUsingDemandResponseVendorId" time="37.851" classname="tests.myaccount.SearchCustomerTests"/>
</testsuite> <!-- tests.myaccount.SearchCustomerTests -->
